This file contains any messages produced by compilers while
running configure, to aid debugging if configure makes a mistake.

It was created by gdbm configure 1.8.3, which was
generated by GNU Autoconf 2.54.  Invocation command line was

  $ ./configure --enable-symbols --prefix=/usr/local/aolserver_v40_r10

## --------- ##
## Platform. ##
## --------- ##

hostname = MacBook-Pro.local
uname -m = i386
uname -r = 8.7.1
uname -s = Darwin
uname -v = Darwin Kernel Version 8.7.1: Wed Jun  7 16:19:56 PDT 2006; root:xnu-792.9.72.obj~2/RELEASE_I386

/usr/bin/uname -p = i386
/bin/uname -X     = unknown

/bin/arch              = unknown
/usr/bin/arch -k       = unknown
/usr/convex/getsysinfo = unknown
hostinfo               = Mach kernel version:
	 Darwin Kernel Version 8.7.1: Wed Jun  7 16:19:56 PDT 2006; root:xnu-792.9.72.obj~2/RELEASE_I386
Kernel configured for up to 2 processors.
2 processors are physically available.
2 processors are logically available.
Processor type: i486 (Intel 80486)
Processors active: 0 1
Primary memory available: 2.00 gigabytes
Default processor set: 71 tasks, 236 threads, 2 processors
Load average: 0.62, Mach factor: 1.37
/bin/machine           = unknown
/usr/bin/oslevel       = unknown
/bin/universe          = unknown

PATH: /bin
PATH: /sbin
PATH: /usr/bin
PATH: /usr/sbin
PATH: /usr/local/bin


## ----------- ##
## Core tests. ##
## ----------- ##

configure:1460: checking for gcc
configure:1476: found /usr/bin/gcc
configure:1486: result: gcc
configure:1728: checking for C compiler version
configure:1731: gcc --version </dev/null >&5
i686-apple-darwin8-gcc-4.0.1 (GCC) 4.0.1 (Apple Computer, Inc. build 5363)
Copyright (C) 2005 Free Software Foundation, Inc.
This is free software; see the source for copying conditions.  There is NO
warranty; not even for MERCHANTABILITY or FITNESS FOR A PARTICULAR PURPOSE.

configure:1734: $? = 0
configure:1736: gcc -v </dev/null >&5
Using built-in specs.
Target: i686-apple-darwin8
Configured with: /private/var/tmp/gcc/gcc-5363.obj~28/src/configure --disable-checking -enable-werror --prefix=/usr --mandir=/share/man --enable-languages=c,objc,c++,obj-c++ --program-transform-name=/^[cg][^.-]*$/s/$/-4.0/ --with-gxx-include-dir=/include/c++/4.0.0 --with-slibdir=/usr/lib --build=powerpc-apple-darwin8 --with-arch=nocona --with-tune=generic --program-prefix= --host=i686-apple-darwin8 --target=i686-apple-darwin8
Thread model: posix
gcc version 4.0.1 (Apple Computer, Inc. build 5363)
configure:1739: $? = 0
configure:1741: gcc -V </dev/null >&5
gcc: argument to `-V' is missing
configure:1744: $? = 1
configure:1764: checking for C compiler default output
configure:1767: gcc    conftest.c  >&5
configure:1770: $? = 0
configure:1804: result: a.out
configure:1809: checking whether the C compiler works
configure:1815: ./a.out
configure:1818: $? = 0
configure:1833: result: yes
configure:1840: checking whether we are cross compiling
configure:1842: result: no
configure:1845: checking for suffix of executables
configure:1847: gcc -o conftest    conftest.c  >&5
configure:1850: $? = 0
configure:1873: result: 
configure:1879: checking for suffix of object files
configure:1897: gcc -c   conftest.c >&5
configure:1900: $? = 0
configure:1919: result: o
configure:1923: checking whether we are using the GNU C compiler
configure:1944: gcc -c   conftest.c >&5
configure:1947: $? = 0
configure:1950: test -s conftest.o
configure:1953: $? = 0
configure:1965: result: yes
configure:1971: checking whether gcc accepts -g
configure:1989: gcc -c -g  conftest.c >&5
configure:1992: $? = 0
configure:1995: test -s conftest.o
configure:1998: $? = 0
configure:2008: result: yes
configure:2025: checking for gcc option to accept ANSI C
configure:2082: gcc  -c -g -O2  conftest.c >&5
configure:2085: $? = 0
configure:2088: test -s conftest.o
configure:2091: $? = 0
configure:2108: result: none needed
configure:2126: gcc -c -g -O2  conftest.c >&5
conftest.c:2: error: parse error before 'me'
configure:2129: $? = 1
configure: failed program was:
#ifndef __cplusplus
  choke me
#endif
configure:2232: checking how to run the C preprocessor
configure:2258: gcc -E  conftest.c
configure:2264: $? = 0
configure:2291: gcc -E  conftest.c
configure:2287:28: error: ac_nonexistent.h: No such file or directory
configure:2297: $? = 1
configure: failed program was:
#line 2286 "configure"
#include "confdefs.h"
#include <ac_nonexistent.h>
configure:2334: result: gcc -E
configure:2349: gcc -E  conftest.c
configure:2355: $? = 0
configure:2382: gcc -E  conftest.c
configure:2378:28: error: ac_nonexistent.h: No such file or directory
configure:2388: $? = 1
configure: failed program was:
#line 2377 "configure"
#include "confdefs.h"
#include <ac_nonexistent.h>
configure:2464: checking for a BSD-compatible install
configure:2518: result: /usr/bin/install -c
configure:2601: checking build system type
configure:2619: result: i386-apple-darwin8.7.1
configure:2627: checking host system type
configure:2641: result: i386-apple-darwin8.7.1
configure:2671: checking for ld used by GCC
configure:2734: result: /usr/bin/ld
configure:2743: checking if the linker (/usr/bin/ld) is GNU ld
configure:2755: result: no
configure:2760: checking for /usr/bin/ld option to reload object files
configure:2767: result: -r
configure:2772: checking for BSD-compatible nm
configure:2808: result: /usr/bin/nm -p
configure:2811: checking whether ln -s works
configure:2815: result: yes
configure:2822: checking how to recognise dependant libraries
configure:3000: result: file_magic Mach-O dynamically linked shared library
configure:3013: checking command to parse /usr/bin/nm -p output
configure:3094: gcc -c -g -O2  conftest.c >&5
configure:3097: $? = 0
configure:3101: /usr/bin/nm -p conftest.o \| sed -n -e 's/^.*[ 	]\([BCDEGRST][BCDEGRST]*\)[ 	][ 	]*\(\)\([_A-Za-z][_A-Za-z0-9]*\)$/\1 \2\3 \3/p' \> conftest.nm
configure:3104: $? = 0
cannot find nm_test_var in conftest.nm
configure:3094: gcc -c -g -O2  conftest.c >&5
configure:3097: $? = 0
configure:3101: /usr/bin/nm -p conftest.o \| sed -n -e 's/^.*[ 	]\([BCDEGRST][BCDEGRST]*\)[ 	][ 	]*\(_\)\([_A-Za-z][_A-Za-z0-9]*\)$/\1 \2\3 \3/p' \> conftest.nm
configure:3104: $? = 0
configure:3156: gcc -o conftest -g -O2   conftest.c conftstm.o >&5
configure:3159: $? = 0
configure:3203: result: ok
configure:3208: checking for egrep
configure:3218: result: grep -E
configure:3223: checking for ANSI C header files
configure:3237: gcc -E  conftest.c
configure:3243: $? = 0
configure:3328: gcc -o conftest -g -O2   conftest.c  >&5
configure: In function 'main':
configure:3321: warning: incompatible implicit declaration of built-in function 'exit'
configure:3331: $? = 0
configure:3333: ./conftest
configure:3336: $? = 0
configure:3350: result: yes
configure:3374: checking for sys/types.h
configure:3387: gcc -c -g -O2  conftest.c >&5
configure:3390: $? = 0
configure:3393: test -s conftest.o
configure:3396: $? = 0
configure:3406: result: yes
configure:3374: checking for sys/stat.h
configure:3387: gcc -c -g -O2  conftest.c >&5
configure:3390: $? = 0
configure:3393: test -s conftest.o
configure:3396: $? = 0
configure:3406: result: yes
configure:3374: checking for stdlib.h
configure:3387: gcc -c -g -O2  conftest.c >&5
configure:3390: $? = 0
configure:3393: test -s conftest.o
configure:3396: $? = 0
configure:3406: result: yes
configure:3374: checking for string.h
configure:3387: gcc -c -g -O2  conftest.c >&5
configure:3390: $? = 0
configure:3393: test -s conftest.o
configure:3396: $? = 0
configure:3406: result: yes
configure:3374: checking for memory.h
configure:3387: gcc -c -g -O2  conftest.c >&5
configure:3390: $? = 0
configure:3393: test -s conftest.o
configure:3396: $? = 0
configure:3406: result: yes
configure:3374: checking for strings.h
configure:3387: gcc -c -g -O2  conftest.c >&5
configure:3390: $? = 0
configure:3393: test -s conftest.o
configure:3396: $? = 0
configure:3406: result: yes
configure:3374: checking for inttypes.h
configure:3387: gcc -c -g -O2  conftest.c >&5
configure:3390: $? = 0
configure:3393: test -s conftest.o
configure:3396: $? = 0
configure:3406: result: yes
configure:3374: checking for stdint.h
configure:3387: gcc -c -g -O2  conftest.c >&5
configure:3390: $? = 0
configure:3393: test -s conftest.o
configure:3396: $? = 0
configure:3406: result: yes
configure:3374: checking for unistd.h
configure:3387: gcc -c -g -O2  conftest.c >&5
configure:3390: $? = 0
configure:3393: test -s conftest.o
configure:3396: $? = 0
configure:3406: result: yes
configure:3432: checking dlfcn.h usability
configure:3441: gcc -c -g -O2  conftest.c >&5
configure:3444: $? = 0
configure:3447: test -s conftest.o
configure:3450: $? = 0
configure:3459: result: yes
configure:3463: checking dlfcn.h presence
configure:3470: gcc -E  conftest.c
configure:3476: $? = 0
configure:3494: result: yes
configure:3512: checking for dlfcn.h
configure:3519: result: yes
configure:3716: checking for ranlib
configure:3732: found /usr/bin/ranlib
configure:3743: result: ranlib
configure:3796: checking for strip
configure:3812: found /usr/bin/strip
configure:3823: result: strip
configure:4030: checking for objdir
configure:4041: result: .libs
configure:4062: checking for gcc option to produce PIC
configure:4212: result: -fno-common
configure:4216: checking if gcc PIC flag -fno-common works
configure:4236: gcc -c -g -O2 -fno-common -DPIC  conftest.c >&5
configure:4239: $? = 0
configure:4242: test -s conftest.o
configure:4245: $? = 0
configure:4282: result: yes
configure:4302: checking if gcc static flag -static works
configure:4323: gcc -o conftest -g -O2   -static conftest.c  >&5
/usr/bin/ld: can't locate file for: -lcrt0.o
collect2: ld returned 1 exit status
configure:4326: $? = 1
configure: failed program was:
#line 4310 "configure"
#include "confdefs.h"

int
main ()
{

  ;
  return 0;
}
configure:4347: result: no
configure:4363: checking if gcc supports -c -o file.o
configure:4385: gcc -c -g -O2 -o out/conftest2.o  conftest.c >&5
configure:4407: result: yes
configure:4412: checking if gcc supports -c -o file.lo
configure:4436: gcc -c -g -O2 -c -o conftest.lo  conftest.c >&5
configure:4439: $? = 0
configure:4442: test -s conftest.lo
configure:4445: $? = 0
configure:4466: result: yes
configure:4505: checking if gcc supports -fno-rtti -fno-exceptions
configure:4524: gcc -c -g -O2 -fno-rtti -fno-exceptions -c conftest.c  conftest.c >&5
cc1: warning: command line option "-fno-rtti" is valid for C++/ObjC++ but not for C
cc1: warning: command line option "-fno-rtti" is valid for C++/ObjC++ but not for C
configure:4527: $? = 0
configure:4530: test -s conftest.o
configure:4533: $? = 0
configure:4549: result: yes
configure:4564: checking whether the linker (/usr/bin/ld) supports shared libraries
configure:5244: result: yes
configure:5253: checking how to hardcode library paths into programs
configure:5277: result: unsupported
configure:5286: checking whether stripping libraries is possible
configure:5294: result: no
configure:5306: checking dynamic linker characteristics
configure:5699: result: darwin8.7.1 dyld
configure:5708: checking if libtool supports shared libraries
configure:5710: result: yes
configure:5717: checking whether to build shared libraries
configure:5738: result: yes
configure:5745: checking whether to build static libraries
configure:5749: result: yes
configure:6996: checking for an ANSI C-conforming const
configure:7060: gcc -c -g -O2  conftest.c >&5
configure:7063: $? = 0
configure:7066: test -s conftest.o
configure:7069: $? = 0
configure:7079: result: yes
configure:7100: checking for stdlib.h
configure:7105: result: yes
configure:7100: checking for string.h
configure:7105: result: yes
configure:7109: checking sys/file.h usability
configure:7118: gcc -c -g -O2  conftest.c >&5
configure:7121: $? = 0
configure:7124: test -s conftest.o
configure:7127: $? = 0
configure:7136: result: yes
configure:7140: checking sys/file.h presence
configure:7147: gcc -E  conftest.c
configure:7153: $? = 0
configure:7171: result: yes
configure:7189: checking for sys/file.h
configure:7196: result: yes
configure:7100: checking for unistd.h
configure:7105: result: yes
configure:7109: checking fcntl.h usability
configure:7118: gcc -c -g -O2  conftest.c >&5
configure:7121: $? = 0
configure:7124: test -s conftest.o
configure:7127: $? = 0
configure:7136: result: yes
configure:7140: checking fcntl.h presence
configure:7147: gcc -E  conftest.c
configure:7153: $? = 0
configure:7171: result: yes
configure:7189: checking for fcntl.h
configure:7196: result: yes
configure:7100: checking for sys/types.h
configure:7105: result: yes
configure:7109: checking memory.y usability
configure:7118: gcc -c -g -O2  conftest.c >&5
configure:7146:20: error: memory.y: No such file or directory
configure:7121: $? = 1
configure: failed program was:
#line 7111 "configure"
#include "confdefs.h"
#include <stdio.h>
#if HAVE_SYS_TYPES_H
# include <sys/types.h>
#endif
#if HAVE_SYS_STAT_H
# include <sys/stat.h>
#endif
#if STDC_HEADERS
# include <stdlib.h>
# include <stddef.h>
#else
# if HAVE_STDLIB_H
#  include <stdlib.h>
# endif
#endif
#if HAVE_STRING_H
# if !STDC_HEADERS && HAVE_MEMORY_H
#  include <memory.h>
# endif
# include <string.h>
#endif
#if HAVE_STRINGS_H
# include <strings.h>
#endif
#if HAVE_INTTYPES_H
# include <inttypes.h>
#else
# if HAVE_STDINT_H
#  include <stdint.h>
# endif
#endif
#if HAVE_UNISTD_H
# include <unistd.h>
#endif
#include <memory.y>
configure:7136: result: no
configure:7140: checking memory.y presence
configure:7147: gcc -E  conftest.c
configure:7143:20: error: memory.y: No such file or directory
configure:7153: $? = 1
configure: failed program was:
#line 7142 "configure"
#include "confdefs.h"
#include <memory.y>
configure:7171: result: no
configure:7189: checking for memory.y
configure:7196: result: no
configure:7210: checking for main in -ldbm
configure:7231: gcc -o conftest -g -O2   conftest.c -ldbm   >&5
configure:7234: $? = 0
configure:7237: test -s conftest
configure:7240: $? = 0
configure:7251: result: yes
configure:7263: checking for main in -lndbm
configure:7284: gcc -o conftest -g -O2   conftest.c -lndbm  -ldbm  >&5
/usr/bin/ld: can't locate file for: -lndbm
collect2: ld returned 1 exit status
configure:7287: $? = 1
configure: failed program was:
#line 7270 "configure"
#include "confdefs.h"


int
main ()
{
main ();
  ;
  return 0;
}
configure:7304: result: no
configure:7323: checking for rename
configure:7360: gcc -o conftest -g -O2   conftest.c -ldbm  >&5
configure:7363: $? = 0
configure:7366: test -s conftest
configure:7369: $? = 0
configure:7379: result: yes
configure:7323: checking for ftruncate
configure:7360: gcc -o conftest -g -O2   conftest.c -ldbm  >&5
configure:7363: $? = 0
configure:7366: test -s conftest
configure:7369: $? = 0
configure:7379: result: yes
configure:7323: checking for flock
configure:7360: gcc -o conftest -g -O2   conftest.c -ldbm  >&5
configure:7363: $? = 0
configure:7366: test -s conftest
configure:7369: $? = 0
configure:7379: result: yes
configure:7323: checking for bcopy
configure:7360: gcc -o conftest -g -O2   conftest.c -ldbm  >&5
configure:7338: warning: conflicting types for built-in function 'bcopy'
configure:7363: $? = 0
configure:7366: test -s conftest
configure:7369: $? = 0
configure:7379: result: yes
configure:7323: checking for fsync
configure:7360: gcc -o conftest -g -O2   conftest.c -ldbm  >&5
configure:7363: $? = 0
configure:7366: test -s conftest
configure:7369: $? = 0
configure:7379: result: yes
configure:7393: checking for getopt
configure:7430: gcc -o conftest -g -O2   conftest.c -ldbm  >&5
configure:7433: $? = 0
configure:7436: test -s conftest
configure:7439: $? = 0
configure:7449: result: yes
configure:7462: checking for off_t
configure:7483: gcc -c -g -O2  conftest.c >&5
configure:7486: $? = 0
configure:7489: test -s conftest.o
configure:7492: $? = 0
configure:7502: result: yes
configure:7514: checking for struct stat.st_blksize
configure:7534: gcc -c -g -O2  conftest.c >&5
configure:7537: $? = 0
configure:7540: test -s conftest.o
configure:7543: $? = 0
configure:7585: result: yes
configure:7693: creating ./config.status

## ---------------------- ##
## Running config.status. ##
## ---------------------- ##

This file was extended by gdbm config.status 1.8.3, which was
generated by GNU Autoconf 2.54.  Invocation command line was

  CONFIG_FILES    = 
  CONFIG_HEADERS  = 
  CONFIG_LINKS    = 
  CONFIG_COMMANDS = 
  $ ./config.status 

on MacBook-Pro.local

config.status:607: creating Makefile
config.status:711: creating autoconf.h
config.status:842: autoconf.h is unchanged

## ---------------- ##
## Cache variables. ##
## ---------------- ##

ac_cv_build=i386-apple-darwin8.7.1
ac_cv_build_alias=i386-apple-darwin8.7.1
ac_cv_c_compiler_gnu=yes
ac_cv_c_const=yes
ac_cv_env_CC_set=
ac_cv_env_CC_value=
ac_cv_env_CFLAGS_set=
ac_cv_env_CFLAGS_value=
ac_cv_env_CPPFLAGS_set=
ac_cv_env_CPPFLAGS_value=
ac_cv_env_CPP_set=
ac_cv_env_CPP_value=
ac_cv_env_LDFLAGS_set=
ac_cv_env_LDFLAGS_value=
ac_cv_env_build_alias_set=
ac_cv_env_build_alias_value=
ac_cv_env_host_alias_set=
ac_cv_env_host_alias_value=
ac_cv_env_target_alias_set=
ac_cv_env_target_alias_value=
ac_cv_exeext=
ac_cv_func_bcopy=yes
ac_cv_func_flock=yes
ac_cv_func_fsync=yes
ac_cv_func_ftruncate=yes
ac_cv_func_getopt=yes
ac_cv_func_rename=yes
ac_cv_header_dlfcn_h=yes
ac_cv_header_fcntl_h=yes
ac_cv_header_inttypes_h=yes
ac_cv_header_memory_h=yes
ac_cv_header_memory_y=no
ac_cv_header_stdc=yes
ac_cv_header_stdint_h=yes
ac_cv_header_stdlib_h=yes
ac_cv_header_string_h=yes
ac_cv_header_strings_h=yes
ac_cv_header_sys_file_h=yes
ac_cv_header_sys_stat_h=yes
ac_cv_header_sys_types_h=yes
ac_cv_header_unistd_h=yes
ac_cv_host=i386-apple-darwin8.7.1
ac_cv_host_alias=i386-apple-darwin8.7.1
ac_cv_lib_dbm_main=yes
ac_cv_lib_ndbm_main=no
ac_cv_member_struct_stat_st_blksize=yes
ac_cv_objext=o
ac_cv_path_install='/usr/bin/install -c'
ac_cv_prog_CPP='gcc -E'
ac_cv_prog_ac_ct_CC=gcc
ac_cv_prog_ac_ct_RANLIB=ranlib
ac_cv_prog_ac_ct_STRIP=strip
ac_cv_prog_cc_g=yes
ac_cv_prog_cc_stdc=
ac_cv_prog_egrep='grep -E'
ac_cv_type_off_t=yes
lt_cv_compiler_c_o=yes
lt_cv_compiler_o_lo=yes
lt_cv_deplibs_check_method='file_magic Mach-O dynamically linked shared library'
lt_cv_file_magic_cmd='/usr/bin/file -L'
lt_cv_file_magic_test_file=/usr/lib/libSystem.dylib
lt_cv_global_symbol_to_c_name_address='sed -n -e '\''s/^: \([^ ]*\) $/  {\"\1\", (lt_ptr) 0},/p'\'' -e '\''s/^[BCDEGRST] \([^ ]*\) \([^ ]*\)$/  {"\2", (lt_ptr) \&\2},/p'\'''
lt_cv_global_symbol_to_cdecl='sed -n -e '\''s/^. .* \(.*\)$/extern char \1;/p'\'''
lt_cv_ld_reload_flag=-r
lt_cv_path_LD=/usr/bin/ld
lt_cv_path_NM='/usr/bin/nm -p'
lt_cv_prog_cc_can_build_shared=yes
lt_cv_prog_cc_no_builtin=
lt_cv_prog_cc_pic=' -fno-common'
lt_cv_prog_cc_pic_works=yes
lt_cv_prog_cc_shlib=
lt_cv_prog_cc_static=
lt_cv_prog_cc_static_works=no
lt_cv_prog_cc_wl=-Wl,
lt_cv_prog_gnu_ld=no
lt_cv_sys_global_symbol_pipe='sed -n -e '\''s/^.*[ 	]\([BCDEGRST][BCDEGRST]*\)[ 	][ 	]*\(_\)\([_A-Za-z][_A-Za-z0-9]*\)$/\1 \2\3 \3/p'\'''

## ----------------- ##
## Output variables. ##
## ----------------- ##

CC='gcc'
CFLAGS='-g -O2'
CPP='gcc -E'
CPPFLAGS=''
DEFS='-DHAVE_CONFIG_H'
ECHO='echo'
ECHO_C=''
ECHO_N='-n'
ECHO_T=''
EGREP='grep -E'
EXEEXT=''
INSTALL_DATA='${INSTALL} -m 644'
INSTALL_PROGRAM='${INSTALL}'
INSTALL_SCRIPT='${INSTALL}'
LDFLAGS=''
LIBOBJS=''
LIBS='-ldbm '
LIBTOOL='$(SHELL) $(top_builddir)/libtool'
LN_S='ln -s'
LTLIBOBJS=''
OBJEXT='o'
PACKAGE_BUGREPORT=''
PACKAGE_NAME='gdbm'
PACKAGE_STRING='gdbm 1.8.3'
PACKAGE_TARNAME='gdbm'
PACKAGE_VERSION='1.8.3'
PATH_SEPARATOR=':'
RANLIB='ranlib'
SHELL='/bin/sh'
STRIP='strip'
ac_ct_CC='gcc'
ac_ct_RANLIB='ranlib'
ac_ct_STRIP='strip'
bindir='${exec_prefix}/bin'
build='i386-apple-darwin8.7.1'
build_alias=''
build_cpu='i386'
build_os='darwin8.7.1'
build_vendor='apple'
datadir='${prefix}/share'
exec_prefix='${prefix}'
host='i386-apple-darwin8.7.1'
host_alias=''
host_cpu='i386'
host_os='darwin8.7.1'
host_vendor='apple'
includedir='${prefix}/include'
infodir='${prefix}/info'
libdir='${exec_prefix}/lib'
libexecdir='${exec_prefix}/libexec'
localstatedir='${prefix}/var'
mandir='${prefix}/man'
oldincludedir='/usr/include'
prefix='/usr/local/aolserver_v40_r10'
program_transform_name='s,x,x,'
sbindir='${exec_prefix}/sbin'
sharedstatedir='${prefix}/com'
sysconfdir='${prefix}/etc'
target_alias=''

## ----------- ##
## confdefs.h. ##
## ----------- ##

#define HAVE_BCOPY 1
#define HAVE_DLFCN_H 1
#define HAVE_FCNTL_H 1
#define HAVE_FLOCK 1
#define HAVE_FSYNC 1
#define HAVE_FTRUNCATE 1
#define HAVE_GETOPT 1
#define HAVE_INTTYPES_H 1
#define HAVE_LIBDBM 1
#define HAVE_MEMORY_H 1
#define HAVE_RENAME 1
#define HAVE_STDINT_H 1
#define HAVE_STDLIB_H 1
#define HAVE_STDLIB_H 1
#define HAVE_STRINGS_H 1
#define HAVE_STRING_H 1
#define HAVE_STRING_H 1
#define HAVE_STRUCT_STAT_ST_BLKSIZE 1
#define HAVE_SYS_FILE_H 1
#define HAVE_SYS_STAT_H 1
#define HAVE_SYS_TYPES_H 1
#define HAVE_SYS_TYPES_H 1
#define HAVE_UNISTD_H 1
#define HAVE_UNISTD_H 1
#define PACKAGE_BUGREPORT ""
#define PACKAGE_NAME "gdbm"
#define PACKAGE_STRING "gdbm 1.8.3"
#define PACKAGE_TARNAME "gdbm"
#define PACKAGE_VERSION "1.8.3"
#define STDC_HEADERS 1

configure: exit 0
